Unity Editor version:    2020.3.25f1 (9b9180224418)
Branch:                  2020.3/staging
Build type:              Release
Batch mode:              YES
macOS version:           Version 11.5.2 (Build 20G95)
Darwin version:          20.6.0
Architecture:            x86_64
Running under Rosetta:   NO
Available memory:        8192 MB
Using pre-set license
Pro License: NO

COMMAND LINE ARGUMENTS:
/Applications/Unity/Hub/Editor/2020.3.25f1/Unity.app/Contents/MacOS/Unity
-adb2
-batchMode
-noUpm
-name
AssetImportWorker0
-projectPath
/Users/decodeme/Documents/GitHub/unity-ref-c-sharp-scripting
-logFile
Logs/AssetImportWorker0.log
-srvPort
64286
Successfully changed project path to: /Users/decodeme/Documents/GitHub/unity-ref-c-sharp-scripting
/Users/decodeme/Documents/GitHub/unity-ref-c-sharp-scripting
Using Asset Import Pipeline V2.
Refreshing native plugins compatible for Editor in 48.79 ms, found 2 plugins.
Preloading 0 native plugins for Editor in 0.00 ms.
Initialize engine version: 2020.3.25f1 (9b9180224418)
[Subsystems] Discovering subsystems at path /Applications/Unity/Hub/Editor/2020.3.25f1/Unity.app/Contents/Resources/UnitySubsystems
[Subsystems] Discovering subsystems at path /Users/decodeme/Documents/GitHub/unity-ref-c-sharp-scripting/Assets
GfxDevice: creating device client; threaded=0
2022-01-02 23:57:16.114 Unity[15021:894967] Color LCD preferred device: Intel(R) UHD Graphics 617 (low power)
2022-01-02 23:57:16.115 Unity[15021:894967] Metal devices available: 1
2022-01-02 23:57:16.115 Unity[15021:894967] 0: Intel(R) UHD Graphics 617 (low power)
2022-01-02 23:57:16.115 Unity[15021:894967] Using device Intel(R) UHD Graphics 617 (low power)
Initializing Metal device caps: Intel(R) UHD Graphics 617
Initialize mono
Mono path[0] = '/Applications/Unity/Hub/Editor/2020.3.25f1/Unity.app/Contents/Managed'
Mono path[1] = '/Applications/Unity/Hub/Editor/2020.3.25f1/Unity.app/Contents/MonoBleedingEdge/lib/mono/unityjit'
Mono config path = '/Applications/Unity/Hub/Editor/2020.3.25f1/Unity.app/Contents/MonoBleedingEdge/etc'
Using monoOptions --debugger-agent=transport=dt_socket,embedding=1,server=y,suspend=n,address=127.0.0.1:56021
Begin MonoManager ReloadAssembly
Registering precompiled unity dll's ...
Register platform support module: /Applications/Unity/Hub/Editor/2020.3.25f1/Unity.app/Contents/PlaybackEngines/MacStandaloneSupport/UnityEditor.OSXStandalone.Extensions.dll
Registered in 0.002518 seconds.
Native extension for OSXStandalone target not found
Refreshing native plugins compatible for Editor in 43.54 ms, found 2 plugins.
Preloading 0 native plugins for Editor in 0.00 ms.
Mono: successfully reloaded assembly
- Completed reload, in  1.164 seconds
Domain Reload Profiling:
	ReloadAssembly (1164ms)
		BeginReloadAssembly (87ms)
			ExecutionOrderSort (0ms)
			DisableScriptedObjects (0ms)
			BackupInstance (0ms)
			ReleaseScriptingObjects (0ms)
			CreateAndSetChildDomain (2ms)
		EndReloadAssembly (928ms)
			LoadAssemblies (87ms)
			RebuildTransferFunctionScriptingTraits (0ms)
			SetupTypeCache (388ms)
			ReleaseScriptCaches (0ms)
			RebuildScriptCaches (64ms)
			SetupLoadedEditorAssemblies (311ms)
				LogAssemblyErrors (0ms)
				InitializePlatformSupportModulesInManaged (7ms)
				SetLoadedEditorAssemblies (0ms)
				RefreshPlugins (44ms)
				BeforeProcessingInitializeOnLoad (13ms)
				ProcessInitializeOnLoadAttributes (192ms)
				ProcessInitializeOnLoadMethodAttributes (54ms)
				AfterProcessingInitializeOnLoad (0ms)
				EditorAssembliesLoaded (0ms)
			ExecutionOrderSort2 (0ms)
			AwakeInstancesAfterBackupRestoration (0ms)
Platform modules already initialized, skipping
Registering precompiled user dll's ...
Registered in 0.010537 seconds.
Begin MonoManager ReloadAssembly
Native extension for OSXStandalone target not found
Refreshing native plugins compatible for Editor in 0.54 ms, found 2 plugins.
Preloading 0 native plugins for Editor in 0.00 ms.
Mono: successfully reloaded assembly
- Completed reload, in  1.543 seconds
Domain Reload Profiling:
	ReloadAssembly (1544ms)
		BeginReloadAssembly (200ms)
			ExecutionOrderSort (0ms)
			DisableScriptedObjects (7ms)
			BackupInstance (0ms)
			ReleaseScriptingObjects (0ms)
			CreateAndSetChildDomain (41ms)
		EndReloadAssembly (1262ms)
			LoadAssemblies (123ms)
			RebuildTransferFunctionScriptingTraits (0ms)
			SetupTypeCache (474ms)
			ReleaseScriptCaches (0ms)
			RebuildScriptCaches (83ms)
			SetupLoadedEditorAssemblies (412ms)
				LogAssemblyErrors (0ms)
				InitializePlatformSupportModulesInManaged (5ms)
				SetLoadedEditorAssemblies (1ms)
				RefreshPlugins (1ms)
				BeforeProcessingInitializeOnLoad (66ms)
				ProcessInitializeOnLoadAttributes (312ms)
				ProcessInitializeOnLoadMethodAttributes (21ms)
				AfterProcessingInitializeOnLoad (7ms)
				EditorAssembliesLoaded (0ms)
			ExecutionOrderSort2 (0ms)
			AwakeInstancesAfterBackupRestoration (12ms)
Platform modules already initialized, skipping
Validating Project structure ... 0.001505 seconds.
Shader import version has changed; will reimport all shaders...
Upgrading shader files ...0.002044 seconds.
Application.AssetDatabase Initial Script Refresh Start
RefreshInfo: InitialScriptRefreshV2(NoUpdateAssetOptions) scanfilter:  ... 1 filters
RefreshProfiler: Total: 0.000ms
Application.AssetDatabase Initial Script Refresh End
Application.AssetDatabase.Refresh Start
Application.AssetDatabase.Refresh End
RefreshInfo: StopAssetImportingV2(ForceSynchronousImport) scanfilter: 
RefreshProfiler: Total: 0.000ms
Launching external process: /Applications/Unity/Hub/Editor/2020.3.25f1/Unity.app/Contents/Tools/UnityShaderCompiler
Launched and connected shader compiler UnityShaderCompiler after 0.02 seconds
Initializing Unity extensions:
========================================================================
Worker process is ready to serve import requests
Refreshing native plugins compatible for Editor in 0.43 ms, found 2 plugins.
Preloading 0 native plugins for Editor in 0.00 ms.
Unloading 1516 Unused Serialized files (Serialized files now loaded: 0)
System memory in use before: 158.4 MB.
System memory in use after: 157.5 MB.

Unloading 95 unused Assets to reduce memory usage. Loaded Objects now: 1987.
Total: 5.444241 ms (FindLiveObjects: 0.346815 ms CreateObjectMapping: 0.124792 ms MarkObjects: 4.198339 ms  DeleteObjects: 0.772985 ms)

AssetImportParameters requested are different than current active one (requested -> active):
  custom:video-decoder-ogg-theora: a1e56fd34408186e4bbccfd4996cb3dc -> 
  custom:container-muxer-webm: aa71ff27fc2769a1b78a27578f13a17b -> 
  custom:container-demuxer-webm: 4f35f7cbe854078d1ac9338744f61a02 -> 
  custom:container-demuxer-ogg: 62fdf1f143b41e24485cea50d1cbac27 -> 
  custom:video-encoder-webm-vp8: eb34c28f22e8b96e1ab97ce403110664 -> 
  custom:framework-osx-AVFoundation: e770b220cccbd017edd2c1fefb359320 -> 
  custom:video-decoder-webm-vp8: 9c59270c3fd7afecdb556c50c9e8de78 -> 
  custom:audio-decoder-ogg-vorbis: bf7c407c2cedff20999df2af8eb42d56 -> 
  custom:audio-encoder-webm-vorbis: bf7c407c2cedff20999df2af8eb42d56 -> 
========================================================================
Received Import Request.
  path: Assets/Log 1
  artifactKey: Guid(93a37a82545e34a5990904017305cdd8) Importer(815301076,1909f56bfc062723c751e8b465ee728b)
Start importing Assets/Log 1 using Guid(93a37a82545e34a5990904017305cdd8) Importer(815301076,1909f56bfc062723c751e8b465ee728b)  -> (artifact id: '5fc7d16cbb89545ee61c84e0aeb8c549') in 0.006056 seconds 
  Import took 0.010451 seconds .

========================================================================
Received Import Request.
  Time since last request: 1.043611 seconds.
  path: Assets/MoveTo
  artifactKey: Guid(93a37a82545e34a5990904017305cdd8) Importer(815301076,1909f56bfc062723c751e8b465ee728b)
Start importing Assets/MoveTo using Guid(93a37a82545e34a5990904017305cdd8) Importer(815301076,1909f56bfc062723c751e8b465ee728b)  -> (artifact id: '6cfd59c4902d0ec2d7a33b22b4e4be2f') in 0.001734 seconds 
  Import took 0.006645 seconds .

========================================================================
Received Import Request.
  Time since last request: 18.755502 seconds.
  path: Assets/Move To Target
  artifactKey: Guid(93a37a82545e34a5990904017305cdd8) Importer(815301076,1909f56bfc062723c751e8b465ee728b)
Start importing Assets/Move To Target using Guid(93a37a82545e34a5990904017305cdd8) Importer(815301076,1909f56bfc062723c751e8b465ee728b)  -> (artifact id: '9c26532474871fc99b9854dea06b5141') in 0.001500 seconds 
  Import took 0.006160 seconds .

========================================================================
Received Import Request.
  Time since last request: 3.152644 seconds.
  path: Assets/Move To Target/Log.cs
  artifactKey: Guid(b36d58115f69b42a0896fc49e3c5ee6d) Importer(815301076,1909f56bfc062723c751e8b465ee728b)
Start importing Assets/Move To Target/Log.cs using Guid(b36d58115f69b42a0896fc49e3c5ee6d) Importer(815301076,1909f56bfc062723c751e8b465ee728b)  -> (artifact id: 'b49b3b69cbaca5459df44cea830969d6') in 0.544302 seconds 
  Import took 0.553883 seconds .

========================================================================
Received Import Request.
  Time since last request: 0.852135 seconds.
  path: Assets/Move To Target/Move To Target.cs
  artifactKey: Guid(b36d58115f69b42a0896fc49e3c5ee6d) Importer(815301076,1909f56bfc062723c751e8b465ee728b)
Start importing Assets/Move To Target/Move To Target.cs using Guid(b36d58115f69b42a0896fc49e3c5ee6d) Importer(815301076,1909f56bfc062723c751e8b465ee728b)  -> (artifact id: 'e4d4cad0a32f05bf4f35c5705ce4a4f3') in 0.007121 seconds 
  Import took 0.012680 seconds .

========================================================================
Received Import Request.
  Time since last request: 0.683903 seconds.
  path: Assets/Move To Target/Log.unity
  artifactKey: Guid(dc54a7af16bb843babff7bd6830b8285) Importer(815301076,1909f56bfc062723c751e8b465ee728b)
Start importing Assets/Move To Target/Log.unity using Guid(dc54a7af16bb843babff7bd6830b8285) Importer(815301076,1909f56bfc062723c751e8b465ee728b)  -> (artifact id: '051451c4a08df832b1aca0389cf675ff') in 0.017570 seconds 
  Import took 0.022994 seconds .

========================================================================
Received Import Request.
  Time since last request: 1.024071 seconds.
  path: Assets/Move To Target/Move To Target.unity
  artifactKey: Guid(dc54a7af16bb843babff7bd6830b8285) Importer(815301076,1909f56bfc062723c751e8b465ee728b)
Start importing Assets/Move To Target/Move To Target.unity using Guid(dc54a7af16bb843babff7bd6830b8285) Importer(815301076,1909f56bfc062723c751e8b465ee728b)  -> (artifact id: '64e8fe94e2c95c42dcf829d30036478b') in 0.002987 seconds 
  Import took 0.007935 seconds .

========================================================================
Received Import Request.
  Time since last request: 5.523184 seconds.
  path: Assets/Move To Target/MoveToTarget.unity
  artifactKey: Guid(dc54a7af16bb843babff7bd6830b8285) Importer(815301076,1909f56bfc062723c751e8b465ee728b)
Start importing Assets/Move To Target/MoveToTarget.unity using Guid(dc54a7af16bb843babff7bd6830b8285) Importer(815301076,1909f56bfc062723c751e8b465ee728b)  -> (artifact id: 'b8e82e4ef888ea98a2e046c6bb55d353') in 0.001700 seconds 
  Import took 0.006924 seconds .

========================================================================
Received Import Request.
  Time since last request: 11.227790 seconds.
  path: Assets/Move To Target/MoveToTarget.cs
  artifactKey: Guid(b36d58115f69b42a0896fc49e3c5ee6d) Importer(815301076,1909f56bfc062723c751e8b465ee728b)
Start importing Assets/Move To Target/MoveToTarget.cs using Guid(b36d58115f69b42a0896fc49e3c5ee6d) Importer(815301076,1909f56bfc062723c751e8b465ee728b)  -> (artifact id: '2d136fde0cfdfd056b7c29023aaad8ab') in 0.008206 seconds 
  Import took 0.013982 seconds .

========================================================================
Received Prepare
Registering precompiled user dll's ...
Registered in 0.006300 seconds.
Begin MonoManager ReloadAssembly
Native extension for OSXStandalone target not found
Refreshing native plugins compatible for Editor in 0.44 ms, found 2 plugins.
Preloading 0 native plugins for Editor in 0.00 ms.
Mono: successfully reloaded assembly
- Completed reload, in  1.884 seconds
Domain Reload Profiling:
	ReloadAssembly (1885ms)
		BeginReloadAssembly (371ms)
			ExecutionOrderSort (0ms)
			DisableScriptedObjects (8ms)
			BackupInstance (0ms)
			ReleaseScriptingObjects (0ms)
			CreateAndSetChildDomain (230ms)
		EndReloadAssembly (1416ms)
			LoadAssemblies (160ms)
			RebuildTransferFunctionScriptingTraits (0ms)
			SetupTypeCache (554ms)
			ReleaseScriptCaches (1ms)
			RebuildScriptCaches (69ms)
			SetupLoadedEditorAssemblies (498ms)
				LogAssemblyErrors (0ms)
				InitializePlatformSupportModulesInManaged (5ms)
				SetLoadedEditorAssemblies (1ms)
				RefreshPlugins (0ms)
				BeforeProcessingInitializeOnLoad (123ms)
				ProcessInitializeOnLoadAttributes (350ms)
				ProcessInitializeOnLoadMethodAttributes (15ms)
				AfterProcessingInitializeOnLoad (3ms)
				EditorAssembliesLoaded (0ms)
			ExecutionOrderSort2 (0ms)
			AwakeInstancesAfterBackupRestoration (11ms)
Platform modules already initialized, skipping
Refreshing native plugins compatible for Editor in 0.60 ms, found 2 plugins.
Preloading 0 native plugins for Editor in 0.00 ms.
Unloading 1509 Unused Serialized files (Serialized files now loaded: 0)
System memory in use before: 160.7 MB.
System memory in use after: 160.8 MB.

Unloading 15 unused Assets to reduce memory usage. Loaded Objects now: 1990.
Total: 4.466005 ms (FindLiveObjects: 0.195699 ms CreateObjectMapping: 0.073009 ms MarkObjects: 4.171343 ms  DeleteObjects: 0.024701 ms)

AssetImportParameters requested are different than current active one (requested -> active):
  custom:video-decoder-ogg-theora: a1e56fd34408186e4bbccfd4996cb3dc -> 
  custom:container-muxer-webm: aa71ff27fc2769a1b78a27578f13a17b -> 
  custom:container-demuxer-webm: 4f35f7cbe854078d1ac9338744f61a02 -> 
  custom:container-demuxer-ogg: 62fdf1f143b41e24485cea50d1cbac27 -> 
  custom:video-encoder-webm-vp8: eb34c28f22e8b96e1ab97ce403110664 -> 
  custom:framework-osx-AVFoundation: e770b220cccbd017edd2c1fefb359320 -> 
  custom:video-decoder-webm-vp8: 9c59270c3fd7afecdb556c50c9e8de78 -> 
  custom:audio-decoder-ogg-vorbis: bf7c407c2cedff20999df2af8eb42d56 -> 
  custom:audio-encoder-webm-vorbis: bf7c407c2cedff20999df2af8eb42d56 -> 
========================================================================
Received Import Request.
  Time since last request: 40.192301 seconds.
  path: Assets/Move To Target/MoveToTarget.cs
  artifactKey: Guid(b36d58115f69b42a0896fc49e3c5ee6d) Importer(815301076,1909f56bfc062723c751e8b465ee728b)
Start importing Assets/Move To Target/MoveToTarget.cs using Guid(b36d58115f69b42a0896fc49e3c5ee6d) Importer(815301076,1909f56bfc062723c751e8b465ee728b)  -> (artifact id: '4bc2fc6ce9a6e522ca83064dffbd55f1') in 0.008527 seconds 
  Import took 0.012934 seconds .

AssetImportWorkerClient::OnTransportError - code=2 error=End of file
